<?xml version="1.0" encoding="UTF-8"?>
<!-- Generated by org.testng.reporters.JUnitXMLReporter -->
<testsuite ignored="3" hostname="Shumis-Air.fios-router.home" failures="0" tests="1" name="Default test" time="13.904" errors="0" timestamp="2023-03-16T22:45:21 EDT">
  <testcase classname="pageTest.HomePageTest" name="clickLogoTest" time="4.125"/>
  <testcase classname="pageTest.HomePageTest" name="clickLoginButtonTest" time="0.0">
    <ignored/>
  </testcase> <!-- clickLoginButtonTest -->
  <testcase classname="pageTest.HomePageTest" name="clickSearchButtonTest" time="0.0">
    <ignored/>
  </testcase> <!-- clickSearchButtonTest -->
  <testcase classname="pageTest.HomePageTest" name="clicktrackingIDTest" time="0.0">
    <ignored/>
  </testcase> <!-- clicktrackingIDTest -->
</testsuite> <!-- Default test -->
