<?xml version="1.0" encoding="UTF-8"?>
<testng-results ignored="3" total="4" passed="1" failed="0" skipped="0">
  <reporter-output>
  </reporter-output>
  <suite started-at="2023-03-16T22:45:07 EDT" name="Default suite" finished-at="2023-03-16T22:45:21 EDT" duration-ms="13904">
    <groups>
    </groups>
    <test started-at="2023-03-16T22:45:07 EDT" name="Default test" finished-at="2023-03-16T22:45:21 EDT" duration-ms="13904">
      <class name="pageTest.HomePageTest">
        <test-method is-config="true" signature="setup()[pri:0, instance:pageTest.HomePageTest@3ee37e5a]" started-at="2023-03-16T22:45:07 EDT" name="setup" finished-at="2023-03-16T22:45:17 EDT" duration-ms="9417" status="PASS">
          <reporter-output>
          </reporter-output>
        </test-method> <!-- setup -->
        <test-method signature="clickLogoTest()[pri:0, instance:pageTest.HomePageTest@3ee37e5a]" started-at="2023-03-16T22:45:17 EDT" name="clickLogoTest" finished-at="2023-03-16T22:45:21 EDT" duration-ms="4125" status="PASS">
          <reporter-output>
          </reporter-output>
        </test-method> <!-- clickLogoTest -->
        <test-method is-config="true" signature="tearUp()[pri:0, instance:pageTest.HomePageTest@3ee37e5a]" started-at="2023-03-16T22:45:21 EDT" name="tearUp" finished-at="2023-03-16T22:45:21 EDT" duration-ms="272" status="PASS">
          <reporter-output>
          </reporter-output>
        </test-method> <!-- tearUp -->
      </class> <!-- pageTest.HomePageTest -->
    </test> <!-- Default test -->
  </suite> <!-- Default suite -->
</testng-results>
